* using log directory ‘/Users/lcorsaro/Documents/Progetti_Sviluppo/semseeker/..Rcheck’
* using R version 4.2.1 (2022-06-23)
* using platform: aarch64-apple-darwin20 (64-bit)
* using session charset: UTF-8
* using option ‘--as-cran’
* checking for file ‘./DESCRIPTION’ ... OK
* checking extension type ... Package
* this is package ‘semseeker’ version ‘0.7.6’
* package encoding: UTF-8
* checking CRAN incoming feasibility ... NOTE
Maintainer: ‘Luigi Corsaro <lcorsaro69@gmail.com>’

New submission

Found the following (possibly) invalid URLs:
  URL: http://github.com/drake69/semseeker (moved to https://github.com/drake69/semseeker)
    From: DESCRIPTION
    Status: 200
    Message: OK

The build time stamp is missing.
* checking package namespace information ... OK
* checking package dependencies ... NOTE
Package suggested but not available for checking: ‘pathfindR’

Imports includes 23 non-default packages.
Importing from so many packages makes the package vulnerable to any of
them becoming unavailable.  Move as many as possible to Suggests and
use conditionally.
* checking if this is a source package ... NOTE
Found the following apparent object files/libraries:
  renv/sandbox/R-4.2/aarch64-apple-darwin20/84ba8b13/class/libs/class.so
  renv/sandbox/R-4.2/aarch64-apple-darwin20/84ba8b13/class/libs/class.so.dSYM/Contents/Resources/DWARF/class.so
  renv/sandbox/R-4.2/aarch64-apple-darwin20/84ba8b13/cluster/libs/cluster.so
  renv/sandbox/R-4.2/aarch64-apple-darwin20/84ba8b13/cluster/libs/cluster.so.dSYM/Contents/Resources/DWARF/cluster.so
  renv/sandbox/R-4.2/aarch64-apple-darwin20/84ba8b13/foreign/libs/foreign.so
  renv/sandbox/R-4.2/aarch64-apple-darwin20/84ba8b13/foreign/libs/foreign.so.dSYM/Contents/Resources/DWARF/foreign.so
  renv/sandbox/R-4.2/aarch64-apple-darwin20/84ba8b13/graphics/libs/graphics.so
  renv/sandbox/R-4.2/aarch64-apple-darwin20/84ba8b13/grDevices/libs/cairo.so
  renv/sandbox/R-4.2/aarch64-apple-darwin20/84ba8b13/grDevices/libs/grDevices.so
  renv/sandbox/R-4.2/aarch64-apple-darwin20/84ba8b13/grid/libs/grid.so
  renv/sandbox/R-4.2/aarch64-apple-darwin20/84ba8b13/KernSmooth/libs/KernSmooth.so
  renv/sandbox/R-4.2/aarch64-apple-darwin20/84ba8b13/lattice/libs/lattice.so
  renv/sandbox/R-4.2/aarch64-apple-darwin20/84ba8b13/MASS/libs/MASS.so
  renv/sandbox/R-4.2/aarch64-apple-darwin20/84ba8b13/MASS/libs/MASS.so.dSYM/Contents/Resources/DWARF/MASS.so
  renv/sandbox/R-4.2/aarch64-apple-darwin20/84ba8b13/Matrix/libs/Matrix.so
  renv/sandbox/R-4.2/aarch64-apple-darwin20/84ba8b13/Matrix/libs/Matrix.so.dSYM/Contents/Resources/DWARF/Matrix.so
  renv/sandbox/R-4.2/aarch64-apple-darwin20/84ba8b13/methods/libs/methods.so
  renv/sandbox/R-4.2/aarch64-apple-darwin20/84ba8b13/mgcv/libs/mgcv.so
  renv/sandbox/R-4.2/aarch64-apple-darwin20/84ba8b13/mgcv/libs/mgcv.so.dSYM/Contents/Resources/DWARF/mgcv.so
  renv/sandbox/R-4.2/aarch64-apple-darwin20/84ba8b13/nlme/libs/nlme.so
  renv/sandbox/R-4.2/aarch64-apple-darwin20/84ba8b13/nlme/libs/nlme.so.dSYM/Contents/Resources/DWARF/nlme.so
  renv/sandbox/R-4.2/aarch64-apple-darwin20/84ba8b13/nnet/libs/nnet.so
  renv/sandbox/R-4.2/aarch64-apple-darwin20/84ba8b13/nnet/libs/nnet.so.dSYM/Contents/Resources/DWARF/nnet.so
  renv/sandbox/R-4.2/aarch64-apple-darwin20/84ba8b13/parallel/libs/parallel.so
  renv/sandbox/R-4.2/aarch64-apple-darwin20/84ba8b13/rpart/libs/rpart.so
  renv/sandbox/R-4.2/aarch64-apple-darwin20/84ba8b13/rpart/libs/rpart.so.dSYM/Contents/Resources/DWARF/rpart.so
  renv/sandbox/R-4.2/aarch64-apple-darwin20/84ba8b13/spatial/libs/spatial.so
  renv/sandbox/R-4.2/aarch64-apple-darwin20/84ba8b13/spatial/libs/spatial.so.dSYM/Contents/Resources/DWARF/spatial.so
  renv/sandbox/R-4.2/aarch64-apple-darwin20/84ba8b13/splines/libs/splines.so
  renv/sandbox/R-4.2/aarch64-apple-darwin20/84ba8b13/stats/libs/stats.so
  renv/sandbox/R-4.2/aarch64-apple-darwin20/84ba8b13/survival/libs/survival.so
  renv/sandbox/R-4.2/aarch64-apple-darwin20/84ba8b13/survival/libs/survival.so.dSYM/Contents/Resources/DWARF/survival.so
  renv/sandbox/R-4.2/aarch64-apple-darwin20/84ba8b13/tcltk/libs/tcltk.so
  renv/sandbox/R-4.2/aarch64-apple-darwin20/84ba8b13/tools/libs/tools.so
  renv/sandbox/R-4.2/aarch64-apple-darwin20/84ba8b13/utils/libs/utils.so
Object files/libraries should not be included in a source package.

Subdirectory ‘renv/sandbox/R-4.2/aarch64-apple-darwin20/84ba8b13/base’ seems to contain an installed version of the package.
* checking if there is a namespace ... OK
* checking for executable files ... OK
* checking for hidden files and directories ... NOTE
Found the following hidden files and directories:
  .DS_Store
  .github/.gitignore
  .gitignore
  .RData
  .Rhistory
  .Rprofile
  R/.DS_Store
  renv/.gitignore
  tests/.DS_Store
  ..Rcheck
  .git
  .github
  .Rproj.user
  .vscode
These were most likely included in error. See section ‘Package
structure’ in the ‘Writing R Extensions’ manual.

CRAN-pack does not know about
  .DS_Store
  .RData
  R/.DS_Store
  tests/.DS_Store
  ..Rcheck
  .git
  .github
  .vscode
* checking for portable file names ... WARNING
Found the following files with non-portable file names:
  .git/index-Luigi’s MacBook Pro
  .git/index-Luigi’s MacBook Pro-2
  .git/ORIG_HEAD-Luigi’s MacBook Pro
  .Rproj.user/8FA0817/persistent-state-Luigi’s MacBook Pro
  .Rproj.user/8FA0817/sources/prop/68F23E36-Luigi’s MacBook Pro
  .Rproj.user/8FA0817/sources/prop/INDEX-Luigi’s MacBook Pro
  .Rproj.user/shared/notebooks/paths-Luigi’s MacBook Pro
  .Rproj.user/shared/notebooks/paths-Luigi’s MacBook Pro-2
These are not fully portable file names.
See section ‘Package structure’ in the ‘Writing R Extensions’ manual.
Found the following non-portable file paths:
  semseeker/renv/sandbox/R-4.2/aarch64-apple-darwin20/84ba8b13/class/libs/class.so.dSYM/Contents/Info.plist
  semseeker/renv/sandbox/R-4.2/aarch64-apple-darwin20/84ba8b13/class/libs/class.so.dSYM/Contents/Resources/DWARF/class.so
  semseeker/renv/sandbox/R-4.2/aarch64-apple-darwin20/84ba8b13/cluster/libs/cluster.so.dSYM/Contents/Info.plist
  semseeker/renv/sandbox/R-4.2/aarch64-apple-darwin20/84ba8b13/cluster/libs/cluster.so.dSYM/Contents/Resources/DWARF/cluster.so
  semseeker/renv/sandbox/R-4.2/aarch64-apple-darwin20/84ba8b13/cluster/po/en@quot/LC_MESSAGES/cluster.mo
  semseeker/renv/sandbox/R-4.2/aarch64-apple-darwin20/84ba8b13/cluster/po/en@quot/LC_MESSAGES/R-cluster.mo
  semseeker/renv/sandbox/R-4.2/aarch64-apple-darwin20/84ba8b13/foreign/libs/foreign.so.dSYM/Contents/Info.plist
  semseeker/renv/sandbox/R-4.2/aarch64-apple-darwin20/84ba8b13/foreign/libs/foreign.so.dSYM/Contents/Resources/DWARF/foreign.so
  semseeker/renv/sandbox/R-4.2/aarch64-apple-darwin20/84ba8b13/foreign/po/en@quot/LC_MESSAGES/foreign.mo
  semseeker/renv/sandbox/R-4.2/aarch64-apple-darwin20/84ba8b13/foreign/po/en@quot/LC_MESSAGES/R-foreign.mo
  semseeker/renv/sandbox/R-4.2/aarch64-apple-darwin20/84ba8b13/grDevices/afm/Courier-BoldOblique.afm.gz
  semseeker/renv/sandbox/R-4.2/aarch64-apple-darwin20/84ba8b13/grDevices/afm/Helvetica-BoldOblique.afm.gz
  semseeker/renv/sandbox/R-4.2/aarch64-apple-darwin20/84ba8b13/KernSmooth/po/de/LC_MESSAGES/R-KernSmooth.mo
  semseeker/renv/sandbox/R-4.2/aarch64-apple-darwin20/84ba8b13/KernSmooth/po/en@quot/LC_MESSAGES/R-KernSmooth.mo
  semseeker/renv/sandbox/R-4.2/aarch64-apple-darwin20/84ba8b13/KernSmooth/po/fr/LC_MESSAGES/R-KernSmooth.mo
  semseeker/renv/sandbox/R-4.2/aarch64-apple-darwin20/84ba8b13/KernSmooth/po/it/LC_MESSAGES/R-KernSmooth.mo
  semseeker/renv/sandbox/R-4.2/aarch64-apple-darwin20/84ba8b13/KernSmooth/po/ko/LC_MESSAGES/R-KernSmooth.mo
  semseeker/renv/sandbox/R-4.2/aarch64-apple-darwin20/84ba8b13/KernSmooth/po/pl/LC_MESSAGES/R-KernSmooth.mo
  semseeker/renv/sandbox/R-4.2/aarch64-apple-darwin20/84ba8b13/lattice/po/en@quot/LC_MESSAGES/R-lattice.mo
  semseeker/renv/sandbox/R-4.2/aarch64-apple-darwin20/84ba8b13/MASS/libs/MASS.so.dSYM/Contents/Info.plist
  semseeker/renv/sandbox/R-4.2/aarch64-apple-darwin20/84ba8b13/MASS/libs/MASS.so.dSYM/Contents/Resources/DWARF/MASS.so
  semseeker/renv/sandbox/R-4.2/aarch64-apple-darwin20/84ba8b13/Matrix/doc/SuiteSparse/SuiteSparse_config.txt
  semseeker/renv/sandbox/R-4.2/aarch64-apple-darwin20/84ba8b13/Matrix/libs/Matrix.so.dSYM/Contents/Info.plist
  semseeker/renv/sandbox/R-4.2/aarch64-apple-darwin20/84ba8b13/Matrix/libs/Matrix.so.dSYM/Contents/Resources/DWARF/Matrix.so
  semseeker/renv/sandbox/R-4.2/aarch64-apple-darwin20/84ba8b13/Matrix/po/en@quot/LC_MESSAGES/R-Matrix.mo
  semseeker/renv/sandbox/R-4.2/aarch64-apple-darwin20/84ba8b13/mgcv/libs/mgcv.so.dSYM/Contents/Info.plist
  semseeker/renv/sandbox/R-4.2/aarch64-apple-darwin20/84ba8b13/mgcv/libs/mgcv.so.dSYM/Contents/Resources/DWARF/mgcv.so
  semseeker/renv/sandbox/R-4.2/aarch64-apple-darwin20/84ba8b13/nlme/libs/nlme.so.dSYM/Contents/Info.plist
  semseeker/renv/sandbox/R-4.2/aarch64-apple-darwin20/84ba8b13/nlme/libs/nlme.so.dSYM/Contents/Resources/DWARF/nlme.so
  semseeker/renv/sandbox/R-4.2/aarch64-apple-darwin20/84ba8b13/nnet/libs/nnet.so.dSYM/Contents/Info.plist
  semseeker/renv/sandbox/R-4.2/aarch64-apple-darwin20/84ba8b13/nnet/libs/nnet.so.dSYM/Contents/Resources/DWARF/nnet.so
  semseeker/renv/sandbox/R-4.2/aarch64-apple-darwin20/84ba8b13/rpart/libs/rpart.so.dSYM/Contents/Info.plist
  semseeker/renv/sandbox/R-4.2/aarch64-apple-darwin20/84ba8b13/rpart/libs/rpart.so.dSYM/Contents/Resources/DWARF/rpart.so
  semseeker/renv/sandbox/R-4.2/aarch64-apple-darwin20/84ba8b13/spatial/libs/spatial.so.dSYM/Contents/Info.plist
  semseeker/renv/sandbox/R-4.2/aarch64-apple-darwin20/84ba8b13/spatial/libs/spatial.so.dSYM/Contents/Resources/DWARF/spatial.so
  semseeker/renv/sandbox/R-4.2/aarch64-apple-darwin20/84ba8b13/spatial/po/en@quot/LC_MESSAGES/R-spatial.mo
  semseeker/renv/sandbox/R-4.2/aarch64-apple-darwin20/84ba8b13/survival/libs/survival.so.dSYM/Contents/Info.plist
  semseeker/renv/sandbox/R-4.2/aarch64-apple-darwin20/84ba8b13/survival/libs/survival.so.dSYM/Contents/Resources/DWARF/survival.so
  semseeker/renv/sandbox/R-4.2/aarch64-apple-darwin20/84ba8b13/class/libs/class.so.dSYM/Contents/Resources/DWARF
  semseeker/renv/sandbox/R-4.2/aarch64-apple-darwin20/84ba8b13/cluster/libs/cluster.so.dSYM/Contents/Resources/DWARF
  semseeker/renv/sandbox/R-4.2/aarch64-apple-darwin20/84ba8b13/foreign/libs/foreign.so.dSYM/Contents/Resources/DWARF
  semseeker/renv/sandbox/R-4.2/aarch64-apple-darwin20/84ba8b13/MASS/libs/MASS.so.dSYM/Contents/Resources/DWARF
  semseeker/renv/sandbox/R-4.2/aarch64-apple-darwin20/84ba8b13/Matrix/libs/Matrix.so.dSYM/Contents/Resources/DWARF
  semseeker/renv/sandbox/R-4.2/aarch64-apple-darwin20/84ba8b13/mgcv/libs/mgcv.so.dSYM/Contents/Resources/DWARF
  semseeker/renv/sandbox/R-4.2/aarch64-apple-darwin20/84ba8b13/nlme/libs/nlme.so.dSYM/Contents/Resources/DWARF
  semseeker/renv/sandbox/R-4.2/aarch64-apple-darwin20/84ba8b13/nnet/libs/nnet.so.dSYM/Contents/Resources/DWARF
  semseeker/renv/sandbox/R-4.2/aarch64-apple-darwin20/84ba8b13/rpart/libs/rpart.so.dSYM/Contents/Resources/DWARF
  semseeker/renv/sandbox/R-4.2/aarch64-apple-darwin20/84ba8b13/spatial/libs/spatial.so.dSYM/Contents/Resources/DWARF
  semseeker/renv/sandbox/R-4.2/aarch64-apple-darwin20/84ba8b13/survival/libs/survival.so.dSYM/Contents/Resources/DWARF

Tarballs are only required to store paths of up to 100 bytes and cannot
store those of more than 256 bytes, with restrictions including to 100
bytes for the final component.
See section ‘Package structure’ in the ‘Writing R Extensions’ manual.
* checking for sufficient/correct file permissions ... OK
* checking serialization versions ... WARNING
Found file(s) with version 3 serialization:
  ‘.RData’
  ‘renv/sandbox/R-4.2/aarch64-apple-darwin20/84ba8b13/base/help/aliases.rds’
  ‘renv/sandbox/R-4.2/aarch64-apple-darwin20/84ba8b13/base/help/base.rdx’
  ‘renv/sandbox/R-4.2/aarch64-apple-darwin20/84ba8b13/base/help/paths.rds’
  ‘renv/sandbox/R-4.2/aarch64-apple-darwin20/84ba8b13/base/Meta/demo.rds’
  ‘renv/sandbox/R-4.2/aarch64-apple-darwin20/84ba8b13/base/Meta/features.rds’
  ‘renv/sandbox/R-4.2/aarch64-apple-darwin20/84ba8b13/base/Meta/hsearch.rds’
  ‘renv/sandbox/R-4.2/aarch64-apple-darwin20/84ba8b13/base/Meta/links.rds’
  ‘renv/sandbox/R-4.2/aarch64-apple-darwin20/84ba8b13/base/Meta/package.rds’
  ‘renv/sandbox/R-4.2/aarch64-apple-darwin20/84ba8b13/base/Meta/Rd.rds’
  ‘renv/sandbox/R-4.2/aarch64-apple-darwin20/84ba8b13/base/R/base.rdx’
  ‘renv/sandbox/R-4.2/aarch64-apple-darwin20/84ba8b13/boot/data/Rdata.rds’
  ‘renv/sandbox/R-4.2/aarch64-apple-darwin20/84ba8b13/boot/data/Rdata.rdx’
  ‘renv/sandbox/R-4.2/aarch64-apple-darwin20/84ba8b13/boot/help/aliases.rds’
  ‘renv/sandbox/R-4.2/aarch64-apple-darwin20/84ba8b13/boot/help/boot.rdx’
  ‘renv/sandbox/R-4.2/aarch64-apple-darwin20/84ba8b13/boot/help/paths.rds’
  ‘renv/sandbox/R-4.2/aarch64-apple-darwin20/84ba8b13/boot/Meta/data.rds’
  ‘renv/sandbox/R-4.2/aarch64-apple-darwin20/84ba8b13/boot/Meta/features.rds’
  ‘renv/sandbox/R-4.2/aarch64-apple-darwin20/84ba8b13/boot/Meta/hsearch.rds’
  ‘renv/sandbox/R-4.2/aarch64-apple-darwin20/84ba8b13/boot/Meta/links.rds’
  ‘renv/sandbox/R-4.2/aarch64-apple-darwin20/84ba8b13/boot/Meta/nsInfo.rds’
  ‘renv/sandbox/R-4.2/aarch64-apple-darwin20/84ba8b13/boot/Meta/package.rds’
  ‘renv/sandbox/R-4.2/aarch64-apple-darwin20/84ba8b13/boot/Meta/Rd.rds’
  ‘renv/sandbox/R-4.2/aarch64-apple-darwin20/84ba8b13/boot/R/boot.rdx’
  ‘renv/sandbox/R-4.2/aarch64-apple-darwin20/84ba8b13/class/help/aliases.rds’
  ‘renv/sandbox/R-4.2/aarch64-apple-darwin20/84ba8b13/class/help/class.rdx’
  ‘renv/sandbox/R-4.2/aarch64-apple-darwin20/84ba8b13/class/help/paths.rds’
  ‘renv/sandbox/R-4.2/aarch64-apple-darwin20/84ba8b13/class/Meta/features.rds’
  ‘renv/sandbox/R-4.2/aarch64-apple-darwin20/84ba8b13/class/Meta/hsearch.rds’
  ‘renv/sandbox/R-4.2/aarch64-apple-darwin20/84ba8b13/class/Meta/links.rds’
  ‘renv/sandbox/R-4.2/aarch64-apple-darwin20/84ba8b13/class/Meta/nsInfo.rds’
  ‘renv/sandbox/R-4.2/aarch64-apple-darwin20/84ba8b13/class/Meta/package.rds’
  ‘renv/sandbox/R-4.2/aarch64-apple-darwin20/84ba8b13/class/Meta/Rd.rds’
  ‘renv/sandbox/R-4.2/aarch64-apple-darwin20/84ba8b13/class/R/class.rdx’
  ‘renv/sandbox/R-4.2/aarch64-apple-darwin20/84ba8b13/cluster/data/Rdata.rds’
  ‘renv/sandbox/R-4.2/aarch64-apple-darwin20/84ba8b13/cluster/data/Rdata.rdx’
  ‘renv/sandbox/R-4.2/aarch64-apple-darwin20/84ba8b13/cluster/help/aliases.rds’
  ‘renv/sandbox/R-4.2/aarch64-apple-darwin20/84ba8b13/cluster/help/cluster.rdx’
  ‘renv/sandbox/R-4.2/aarch64-apple-darwin20/84ba8b13/cluster/help/paths.rds’
  ‘renv/sandbox/R-4.2/aarch64-apple-darwin20/84ba8b13/cluster/Meta/data.rds’
  ‘renv/sandbox/R-4.2/aarch64-apple-darwin20/84ba8b13/cluster/Meta/features.rds’
  ‘renv/sandbox/R-4.2/aarch64-apple-darwin20/84ba8b13/cluster/Meta/hsearch.rds’
  ‘renv/sandbox/R-4.2/aarch64-apple-darwin20/84ba8b13/cluster/Meta/links.rds’
  ‘renv/sandbox/R-4.2/aarch64-apple-darwin20/84ba8b13/cluster/Meta/nsInfo.rds’
  ‘renv/sandbox/R-4.2/aarch64-apple-darwin20/84ba8b13/cluster/Meta/package.rds’
  ‘renv/sandbox/R-4.2/aarch64-apple-darwin20/84ba8b13/cluster/Meta/Rd.rds’
  ‘renv/sandbox/R-4.2/aarch64-apple-darwin20/84ba8b13/cluster/R/cluster.rdx’
  ‘renv/sandbox/R-4.2/aarch64-apple-darwin20/84ba8b13/codetools/help/aliases.rds’
  ‘renv/sandbox/R-4.2/aarch64-apple-darwin20/84ba8b13/codetools/help/codetools.rdx’
  ‘renv/sandbox/R-4.2/aarch64-apple-darwin20/84ba8b13/codetools/help/paths.rds’
  ‘renv/sandbox/R-4.2/aarch64-apple-darwin20/84ba8b13/codetools/Meta/features.rds’
  ‘renv/sandbox/R-4.2/aarch64-apple-darwin20/84ba8b13/codetools/Meta/hsearch.rds’
  ‘renv/sandbox/R-4.2/aarch64-apple-darwin20/84ba8b13/codetools/Meta/links.rds’
  ‘renv/sandbox/R-4.2/aarch64-apple-darwin20/84ba8b13/codetools/Meta/nsInfo.rds’
  ‘renv/sandbox/R-4.2/aarch64-apple-darwin20/84ba8b13/codetools/Meta/package.rds’
  ‘renv/sandbox/R-4.2/aarch64-apple-darwin20/84ba8b13/codetools/Meta/Rd.rds’
  ‘renv/sandbox/R-4.2/aarch64-apple-darwin20/84ba8b13/codetools/R/codetools.rdx’
  ‘renv/sandbox/R-4.2/aarch64-apple-darwin20/84ba8b13/compiler/help/aliases.rds’
  ‘renv/sandbox/R-4.2/aarch64-apple-darwin20/84ba8b13/compiler/help/compiler.rdx’
  ‘renv/sandbox/R-4.2/aarch64-apple-darwin20/84ba8b13/compiler/help/paths.rds’
  ‘renv/sandbox/R-4.2/aarch64-apple-darwin20/84ba8b13/compiler/Meta/features.rds’
  ‘renv/sandbox/R-4.2/aarch64-apple-darwin20/84ba8b13/compiler/Meta/hsearch.rds’
  ‘renv/sandbox/R-4.2/aarch64-apple-darwin20/84ba8b13/compiler/Meta/links.rds’
  ‘renv/sandbox/R-4.2/aarch64-apple-darwin20/84ba8b13/compiler/Meta/nsInfo.rds’
  ‘renv/sandbox/R-4.2/aarch64-apple-darwin20/84ba8b13/compiler/Meta/package.rds’
  ‘renv/sandbox/R-4.2/aarch64-apple-darwin20/84ba8b13/compiler/Meta/Rd.rds’
  ‘renv/sandbox/R-4.2/aarch64-apple-darwin20/84ba8b13/compiler/R/compiler.rdx’
  ‘renv/sandbox/R-4.2/aarch64-apple-darwin20/84ba8b13/datasets/data/Rdata.rds’
  ‘renv/sandbox/R-4.2/aarch64-apple-darwin20/84ba8b13/datasets/data/Rdata.rdx’
  ‘renv/sandbox/R-4.2/aarch64-apple-darwin20/84ba8b13/datasets/help/aliases.rds’
  ‘renv/sandbox/R-4.2/aarch64-apple-darwin20/84ba8b13/datasets/help/datasets.rdx’
  ‘renv/sandbox/R-4.2/aarch64-apple-darwin20/84ba8b13/datasets/help/paths.rds’
  ‘renv/sandbox/R-4.2/aarch64-apple-darwin20/84ba8b13/datasets/Meta/data.rds’
  ‘renv/sandbox/R-4.2/aarch64-apple-darwin20/84ba8b13/datasets/Meta/features.rds’
  ‘renv/sandbox/R-4.2/aarch64-apple-darwin20/84ba8b13/datasets/Meta/hsearch.rds’
  ‘renv/sandbox/R-4.2/aarch64-apple-darwin20/84ba8b13/datasets/Meta/links.rds’
  ‘renv/sandbox/R-4.2/aarch64-apple-darwin20/84ba8b13/datasets/Meta/nsInfo.rds’
  ‘renv/sandbox/R-4.2/aarch64-apple-darwin20/84ba8b13/datasets/Meta/package.rds’
  ‘renv/sandbox/R-4.2/aarch64-apple-darwin20/84ba8b13/datasets/Meta/Rd.rds’
  ‘renv/sandbox/R-4.2/aarch64-apple-darwin20/84ba8b13/foreign/help/aliases.rds’
  ‘renv/sandbox/R-4.2/aarch64-apple-darwin20/84ba8b13/foreign/help/foreign.rdx’
  ‘renv/sandbox/R-4.2/aarch64-apple-darwin20/84ba8b13/foreign/help/paths.rds’
  ‘renv/sandbox/R-4.2/aarch64-apple-darwin20/84ba8b13/foreign/Meta/features.rds’
  ‘renv/sandbox/R-4.2/aarch64-apple-darwin20/84ba8b13/foreign/Meta/hsearch.rds’
  ‘renv/sandbox/R-4.2/aarch64-apple-darwin20/84ba8b13/foreign/Meta/links.rds’
  ‘renv/sandbox/R-4.2/aarch64-apple-darwin20/84ba8b13/foreign/Meta/nsInfo.rds’
  ‘renv/sandbox/R-4.2/aarch64-apple-darwin20/84ba8b13/foreign/Meta/package.rds’
  ‘renv/sandbox/R-4.2/aarch64-apple-darwin20/84ba8b13/foreign/Meta/Rd.rds’
  ‘renv/sandbox/R-4.2/aarch64-apple-darwin20/84ba8b13/foreign/R/foreign.rdx’
  ‘renv/sandbox/R-4.2/aarch64-apple-darwin20/84ba8b13/graphics/help/aliases.rds’
  ‘renv/sandbox/R-4.2/aarch64-apple-darwin20/84ba8b13/graphics/help/graphics.rdx’
  ‘renv/sandbox/R-4.2/aarch64-apple-darwin20/84ba8b13/graphics/help/paths.rds’
  ‘renv/sandbox/R-4.2/aarch64-apple-darwin20/84ba8b13/graphics/Meta/demo.rds’
  ‘renv/sandbox/R-4.2/aarch64-apple-darwin20/84ba8b13/graphics/Meta/features.rds’
  ‘renv/sandbox/R-4.2/aarch64-apple-darwin20/84ba8b13/graphics/Meta/hsearch.rds’
  ‘renv/sandbox/R-4.2/aarch64-apple-darwin20/84ba8b13/graphics/Meta/links.rds’
  ‘renv/sandbox/R-4.2/aarch64-apple-darwin20/84ba8b13/graphics/Meta/nsInfo.rds’
  ‘renv/sandbox/R-4.2/aarch64-apple-darwin20/84ba8b13/graphics/Meta/package.rds’
  ‘renv/sandbox/R-4.2/aarch64-apple-darwin20/84ba8b13/graphics/Meta/Rd.rds’
  ‘renv/sandbox/R-4.2/aarch64-apple-darwin20/84ba8b13/graphics/R/graphics.rdx’
  ‘renv/sandbox/R-4.2/aarch64-apple-darwin20/84ba8b13/grDevices/help/aliases.rds’
  ‘renv/sandbox/R-4.2/aarch64-apple-darwin20/84ba8b13/grDevices/help/grDevices.rdx’
  ‘renv/sandbox/R-4.2/aarch64-apple-darwin20/84ba8b13/grDevices/help/paths.rds’
  ‘renv/sandbox/R-4.2/aarch64-apple-darwin20/84ba8b13/grDevices/Meta/demo.rds’
  ‘renv/sandbox/R-4.2/aarch64-apple-darwin20/84ba8b13/grDevices/Meta/features.rds’
  ‘renv/sandbox/R-4.2/aarch64-apple-darwin20/84ba8b13/grDevices/Meta/hsearch.rds’
  ‘renv/sandbox/R-4.2/aarch64-apple-darwin20/84ba8b13/grDevices/Meta/links.rds’
  ‘renv/sandbox/R-4.2/aarch64-apple-darwin20/84ba8b13/grDevices/Meta/nsInfo.rds’
  ‘renv/sandbox/R-4.2/aarch64-apple-darwin20/84ba8b13/grDevices/Meta/package.rds’
  ‘renv/sandbox/R-4.2/aarch64-apple-darwin20/84ba8b13/grDevices/Meta/Rd.rds’
  ‘renv/sandbox/R-4.2/aarch64-apple-darwin20/84ba8b13/grDevices/R/grDevices.rdx’
  ‘renv/sandbox/R-4.2/aarch64-apple-darwin20/84ba8b13/grid/help/aliases.rds’
  ‘renv/sandbox/R-4.2/aarch64-apple-darwin20/84ba8b13/grid/help/grid.rdx’
  ‘renv/sandbox/R-4.2/aarch64-apple-darwin20/84ba8b13/grid/help/paths.rds’
  ‘renv/sandbox/R-4.2/aarch64-apple-darwin20/84ba8b13/grid/Meta/features.rds’
  ‘renv/sandbox/R-4.2/aarch64-apple-darwin20/84ba8b13/grid/Meta/hsearch.rds’
  ‘renv/sandbox/R-4.2/aarch64-apple-darwin20/84ba8b13/grid/Meta/links.rds’
  ‘renv/sandbox/R-4.2/aarch64-apple-darwin20/84ba8b13/grid/Meta/nsInfo.rds’
  ‘renv/sandbox/R-4.2/aarch64-apple-darwin20/84ba8b13/grid/Meta/package.rds’
  ‘renv/sandbox/R-4.2/aarch64-apple-darwin20/84ba8b13/grid/Meta/Rd.rds’
  ‘renv/sandbox/R-4.2/aarch64-apple-darwin20/84ba8b13/grid/Meta/vignette.rds’
  ‘renv/sandbox/R-4.2/aarch64-apple-darwin20/84ba8b13/grid/R/grid.rdx’
  ‘renv/sandbox/R-4.2/aarch64-apple-darwin20/84ba8b13/KernSmooth/help/aliases.rds’
  ‘renv/sandbox/R-4.2/aarch64-apple-darwin20/84ba8b13/KernSmooth/help/KernSmooth.rdx’
  ‘renv/sandbox/R-4.2/aarch64-apple-darwin20/84ba8b13/KernSmooth/help/paths.rds’
  ‘renv/sandbox/R-4.2/aarch64-apple-darwin20/84ba8b13/KernSmooth/Meta/features.rds’
  ‘renv/sandbox/R-4.2/aarch64-apple-darwin20/84ba8b13/KernSmooth/Meta/hsearch.rds’
  ‘renv/sandbox/R-4.2/aarch64-apple-darwin20/84ba8b13/KernSmooth/Meta/links.rds’
  ‘renv/sandbox/R-4.2/aarch64-apple-darwin20/84ba8b13/KernSmooth/Meta/nsInfo.rds’
  ‘renv/sandbox/R-4.2/aarch64-apple-darwin20/84ba8b13/KernSmooth/Meta/package.rds’
  ‘renv/sandbox/R-4.2/aarch64-apple-darwin20/84ba8b13/KernSmooth/Meta/Rd.rds’
  ‘renv/sandbox/R-4.2/aarch64-apple-darwin20/84ba8b13/KernSmooth/R/KernSmooth.rdx’
  ‘renv/sandbox/R-4.2/aarch64-apple-darwin20/84ba8b13/lattice/data/Rdata.rds’
  ‘renv/sandbox/R-4.2/aarch64-apple-darwin20/84ba8b13/lattice/data/Rdata.rdx’
  ‘renv/sandbox/R-4.2/aarch64-apple-darwin20/84ba8b13/lattice/help/aliases.rds’
  ‘renv/sandbox/R-4.2/aarch64-apple-darwin20/84ba8b13/lattice/help/lattice.rdx’
  ‘renv/sandbox/R-4.2/aarch64-apple-darwin20/84ba8b13/lattice/help/paths.rds’
  ‘renv/sandbox/R-4.2/aarch64-apple-darwin20/84ba8b13/lattice/Meta/data.rds’
  ‘renv/sandbox/R-4.2/aarch64-apple-darwin20/84ba8b13/lattice/Meta/demo.rds’
  ‘renv/sandbox/R-4.2/aarch64-apple-darwin20/84ba8b13/lattice/Meta/features.rds’
  ‘renv/sandbox/R-4.2/aarch64-apple-darwin20/84ba8b13/lattice/Meta/hsearch.rds’
  ‘renv/sandbox/R-4.2/aarch64-apple-darwin20/84ba8b13/lattice/Meta/links.rds’
  ‘renv/sandbox/R-4.2/aarch64-apple-darwin20/84ba8b13/lattice/Meta/nsInfo.rds’
  ‘renv/sandbox/R-4.2/aarch64-apple-darwin20/84ba8b13/lattice/Meta/package.rds’
  ‘renv/sandbox/R-4.2/aarch64-apple-darwin20/84ba8b13/lattice/Meta/Rd.rds’
  ‘renv/sandbox/R-4.2/aarch64-apple-darwin20/84ba8b13/lattice/R/lattice.rdx’
  ‘renv/sandbox/R-4.2/aarch64-apple-darwin20/84ba8b13/MASS/data/Rdata.rds’
  ‘renv/sandbox/R-4.2/aarch64-apple-darwin20/84ba8b13/MASS/data/Rdata.rdx’
  ‘renv/sandbox/R-4.2/aarch64-apple-darwin20/84ba8b13/MASS/help/aliases.rds’
  ‘renv/sandbox/R-4.2/aarch64-apple-darwin20/84ba8b13/MASS/help/MASS.rdx’
  ‘renv/sandbox/R-4.2/aarch64-apple-darwin20/84ba8b13/MASS/help/paths.rds’
  ‘renv/sandbox/R-4.2/aarch64-apple-darwin20/84ba8b13/MASS/Meta/data.rds’
  ‘renv/sandbox/R-4.2/aarch64-apple-darwin20/84ba8b13/MASS/Meta/features.rds’
  ‘renv/sandbox/R-4.2/aarch64-apple-darwin20/84ba8b13/MASS/Meta/hsearch.rds’
  ‘renv/sandbox/R-4.2/aarch64-apple-darwin20/84ba8b13/MASS/Meta/links.rds’
  ‘renv/sandbox/R-4.2/aarch64-apple-darwin20/84ba8b13/MASS/Meta/nsInfo.rds’
  ‘renv/sandbox/R-4.2/aarch64-apple-darwin20/84ba8b13/MASS/Meta/package.rds’
  ‘renv/sandbox/R-4.2/aarch64-apple-darwin20/84ba8b13/MASS/Meta/Rd.rds’
  ‘renv/sandbox/R-4.2/aarch64-apple-darwin20/84ba8b13/MASS/R/MASS.rdx’
  ‘renv/sandbox/R-4.2/aarch64-apple-darwin20/84ba8b13/Matrix/help/aliases.rds’
  ‘renv/sandbox/R-4.2/aarch64-apple-darwin20/84ba8b13/Matrix/help/Matrix.rdx’
  ‘renv/sandbox/R-4.2/aarch64-apple-darwin20/84ba8b13/Matrix/help/paths.rds’
  ‘renv/sandbox/R-4.2/aarch64-apple-darwin20/84ba8b13/Matrix/Meta/data.rds’
  ‘renv/sandbox/R-4.2/aarch64-apple-darwin20/84ba8b13/Matrix/Meta/features.rds’
  ‘renv/sandbox/R-4.2/aarch64-apple-darwin20/84ba8b13/Matrix/Meta/hsearch.rds’
  ‘renv/sandbox/R-4.2/aarch64-apple-darwin20/84ba8b13/Matrix/Meta/links.rds’
  ‘renv/sandbox/R-4.2/aarch64-apple-darwin20/84ba8b13/Matrix/Meta/nsInfo.rds’
  ‘renv/sandbox/R-4.2/aarch64-apple-darwin20/84ba8b13/Matrix/Meta/package.rds’
  ‘renv/sandbox/R-4.2/aarch64-apple-darwin20/84ba8b13/Matrix/Meta/Rd.rds’
  ‘renv/sandbox/R-4.2/aarch64-apple-darwin20/84ba8b13/Matrix/R/Matrix.rdx’
  ‘renv/sandbox/R-4.2/aarch64-apple-darwin20/84ba8b13/methods/help/aliases.rds’
  ‘renv/sandbox/R-4.2/aarch64-apple-darwin20/84ba8b13/methods/help/methods.rdx’
  ‘renv/sandbox/R-4.2/aarch64-apple-darwin20/84ba8b13/methods/help/paths.rds’
  ‘renv/sandbox/R-4.2/aarch64-apple-darwin20/84ba8b13/methods/Meta/features.rds’
  ‘renv/sandbox/R-4.2/aarch64-apple-darwin20/84ba8b13/methods/Meta/hsearch.rds’
  ‘renv/sandbox/R-4.2/aarch64-apple-darwin20/84ba8b13/methods/Meta/links.rds’
  ‘renv/sandbox/R-4.2/aarch64-apple-darwin20/84ba8b13/methods/Meta/nsInfo.rds’
  ‘renv/sandbox/R-4.2/aarch64-apple-darwin20/84ba8b13/methods/Meta/package.rds’
  ‘renv/sandbox/R-4.2/aarch64-apple-darwin20/84ba8b13/methods/Meta/Rd.rds’
  ‘renv/sandbox/R-4.2/aarch64-apple-darwin20/84ba8b13/methods/R/methods.rdx’
  ‘renv/sandbox/R-4.2/aarch64-apple-darwin20/84ba8b13/mgcv/help/aliases.rds’
  ‘renv/sandbox/R-4.2/aarch64-apple-darwin20/84ba8b13/mgcv/help/mgcv.rdx’
  ‘renv/sandbox/R-4.2/aarch64-apple-darwin20/84ba8b13/mgcv/help/paths.rds’
  ‘renv/sandbox/R-4.2/aarch64-apple-darwin20/84ba8b13/mgcv/Meta/data.rds’
  ‘renv/sandbox/R-4.2/aarch64-apple-darwin20/84ba8b13/mgcv/Meta/features.rds’
  ‘renv/sandbox/R-4.2/aarch64-apple-darwin20/84ba8b13/mgcv/Meta/hsearch.rds’
  ‘renv/sandbox/R-4.2/aarch64-apple-darwin20/84ba8b13/mgcv/Meta/links.rds’
  ‘renv/sandbox/R-4.2/aarch64-apple-darwin20/84ba8b13/mgcv/Meta/nsInfo.rds’
  ‘renv/sandbox/R-4.2/aarch64-apple-darwin20/84ba8b13/mgcv/Meta/package.rds’
  ‘renv/sandbox/R-4.2/aarch64-apple-darwin20/84ba8b13/mgcv/Meta/Rd.rds’
  ‘renv/sandbox/R-4.2/aarch64-apple-darwin20/84ba8b13/mgcv/R/mgcv.rdx’
  ‘renv/sandbox/R-4.2/aarch64-apple-darwin20/84ba8b13/nlme/data/Rdata.rds’
  ‘renv/sandbox/R-4.2/aarch64-apple-darwin20/84ba8b13/nlme/data/Rdata.rdx’
  ‘renv/sandbox/R-4.2/aarch64-apple-darwin20/84ba8b13/nlme/help/aliases.rds’
  ‘renv/sandbox/R-4.2/aarch64-apple-darwin20/84ba8b13/nlme/help/nlme.rdx’
  ‘renv/sandbox/R-4.2/aarch64-apple-darwin20/84ba8b13/nlme/help/paths.rds’
  ‘renv/sandbox/R-4.2/aarch64-apple-darwin20/84ba8b13/nlme/Meta/data.rds’
  ‘renv/sandbox/R-4.2/aarch64-apple-darwin20/84ba8b13/nlme/Meta/features.rds’
  ‘renv/sandbox/R-4.2/aarch64-apple-darwin20/84ba8b13/nlme/Meta/hsearch.rds’
  ‘renv/sandbox/R-4.2/aarch64-apple-darwin20/84ba8b13/nlme/Meta/links.rds’
  ‘renv/sandbox/R-4.2/aarch64-apple-darwin20/84ba8b13/nlme/Meta/nsInfo.rds’
  ‘renv/sandbox/R-4.2/aarch64-apple-darwin20/84ba8b13/nlme/Meta/package.rds’
  ‘renv/sandbox/R-4.2/aarch64-apple-darwin20/84ba8b13/nlme/Meta/Rd.rds’
  ‘renv/sandbox/R-4.2/aarch64-apple-darwin20/84ba8b13/nlme/R/nlme.rdx’
  ‘renv/sandbox/R-4.2/aarch64-apple-darwin20/84ba8b13/nnet/help/aliases.rds’
  ‘renv/sandbox/R-4.2/aarch64-apple-darwin20/84ba8b13/nnet/help/nnet.rdx’
  ‘renv/sandbox/R-4.2/aarch64-apple-darwin20/84ba8b13/nnet/help/paths.rds’
  ‘renv/sandbox/R-4.2/aarch64-apple-darwin20/84ba8b13/nnet/Meta/features.rds’
  ‘renv/sandbox/R-4.2/aarch64-apple-darwin20/84ba8b13/nnet/Meta/hsearch.rds’
  ‘renv/sandbox/R-4.2/aarch64-apple-darwin20/84ba8b13/nnet/Meta/links.rds’
  ‘renv/sandbox/R-4.2/aarch64-apple-darwin20/84ba8b13/nnet/Meta/nsInfo.rds’
  ‘renv/sandbox/R-4.2/aarch64-apple-darwin20/84ba8b13/nnet/Meta/package.rds’
  ‘renv/sandbox/R-4.2/aarch64-apple-darwin20/84ba8b13/nnet/Meta/Rd.rds’
  ‘renv/sandbox/R-4.2/aarch64-apple-darwin20/84ba8b13/nnet/R/nnet.rdx’
  ‘renv/sandbox/R-4.2/aarch64-apple-darwin20/84ba8b13/parallel/help/aliases.rds’
  ‘renv/sandbox/R-4.2/aarch64-apple-darwin20/84ba8b13/parallel/help/parallel.rdx’
  ‘renv/sandbox/R-4.2/aarch64-apple-darwin20/84ba8b13/parallel/help/paths.rds’
  ‘renv/sandbox/R-4.2/aarch64-apple-darwin20/84ba8b13/parallel/Meta/features.rds’
  ‘renv/sandbox/R-4.2/aarch64-apple-darwin20/84ba8b13/parallel/Meta/hsearch.rds’
  ‘renv/sandbox/R-4.2/aarch64-apple-darwin20/84ba8b13/parallel/Meta/links.rds’
  ‘renv/sandbox/R-4.2/aarch64-apple-darwin20/84ba8b13/parallel/Meta/nsInfo.rds’
  ‘renv/sandbox/R-4.2/aarch64-apple-darwin20/84ba8b13/parallel/Meta/package.rds’
  ‘renv/sandbox/R-4.2/aarch64-apple-darwin20/84ba8b13/parallel/Meta/Rd.rds’
  ‘renv/sandbox/R-4.2/aarch64-apple-darwin20/84ba8b13/parallel/Meta/vignette.rds’
  ‘renv/sandbox/R-4.2/aarch64-apple-darwin20/84ba8b13/parallel/R/parallel.rdx’
  ‘renv/sandbox/R-4.2/aarch64-apple-darwin20/84ba8b13/rpart/data/Rdata.rds’
  ‘renv/sandbox/R-4.2/aarch64-apple-darwin20/84ba8b13/rpart/data/Rdata.rdx’
  ‘renv/sandbox/R-4.2/aarch64-apple-darwin20/84ba8b13/rpart/help/aliases.rds’
  ‘renv/sandbox/R-4.2/aarch64-apple-darwin20/84ba8b13/rpart/help/paths.rds’
  ‘renv/sandbox/R-4.2/aarch64-apple-darwin20/84ba8b13/rpart/help/rpart.rdx’
  ‘renv/sandbox/R-4.2/aarch64-apple-darwin20/84ba8b13/rpart/Meta/data.rds’
  ‘renv/sandbox/R-4.2/aarch64-apple-darwin20/84ba8b13/rpart/Meta/features.rds’
  ‘renv/sandbox/R-4.2/aarch64-apple-darwin20/84ba8b13/rpart/Meta/hsearch.rds’
  ‘renv/sandbox/R-4.2/aarch64-apple-darwin20/84ba8b13/rpart/Meta/links.rds’
  ‘renv/sandbox/R-4.2/aarch64-apple-darwin20/84ba8b13/rpart/Meta/nsInfo.rds’
  ‘renv/sandbox/R-4.2/aarch64-apple-darwin20/84ba8b13/rpart/Meta/package.rds’
  ‘renv/sandbox/R-4.2/aarch64-apple-darwin20/84ba8b13/rpart/Meta/Rd.rds’
  ‘renv/sandbox/R-4.2/aarch64-apple-darwin20/84ba8b13/rpart/R/rpart.rdx’
  ‘renv/sandbox/R-4.2/aarch64-apple-darwin20/84ba8b13/spatial/help/aliases.rds’
  ‘renv/sandbox/R-4.2/aarch64-apple-darwin20/84ba8b13/spatial/help/paths.rds’
  ‘renv/sandbox/R-4.2/aarch64-apple-darwin20/84ba8b13/spatial/help/spatial.rdx’
  ‘renv/sandbox/R-4.2/aarch64-apple-darwin20/84ba8b13/spatial/Meta/features.rds’
  ‘renv/sandbox/R-4.2/aarch64-apple-darwin20/84ba8b13/spatial/Meta/hsearch.rds’
  ‘renv/sandbox/R-4.2/aarch64-apple-darwin20/84ba8b13/spatial/Meta/links.rds’
  ‘renv/sandbox/R-4.2/aarch64-apple-darwin20/84ba8b13/spatial/Meta/nsInfo.rds’
  ‘renv/sandbox/R-4.2/aarch64-apple-darwin20/84ba8b13/spatial/Meta/package.rds’
  ‘renv/sandbox/R-4.2/aarch64-apple-darwin20/84ba8b13/spatial/Meta/Rd.rds’
  ‘renv/sandbox/R-4.2/aarch64-apple-darwin20/84ba8b13/spatial/R/spatial.rdx’
  ‘renv/sandbox/R-4.2/aarch64-apple-darwin20/84ba8b13/splines/help/aliases.rds’
  ‘renv/sandbox/R-4.2/aarch64-apple-darwin20/84ba8b13/splines/help/paths.rds’
  ‘renv/sandbox/R-4.2/aarch64-apple-darwin20/84ba8b13/splines/help/splines.rdx’
  ‘renv/sandbox/R-4.2/aarch64-apple-darwin20/84ba8b13/splines/Meta/features.rds’
  ‘renv/sandbox/R-4.2/aarch64-apple-darwin20/84ba8b13/splines/Meta/hsearch.rds’
  ‘renv/sandbox/R-4.2/aarch64-apple-darwin20/84ba8b13/splines/Meta/links.rds’
  ‘renv/sandbox/R-4.2/aarch64-apple-darwin20/84ba8b13/splines/Meta/nsInfo.rds’
  ‘renv/sandbox/R-4.2/aarch64-apple-darwin20/84ba8b13/splines/Meta/package.rds’
  ‘renv/sandbox/R-4.2/aarch64-apple-darwin20/84ba8b13/splines/Meta/Rd.rds’
  ‘renv/sandbox/R-4.2/aarch64-apple-darwin20/84ba8b13/splines/R/splines.rdx’
  ‘renv/sandbox/R-4.2/aarch64-apple-darwin20/84ba8b13/stats/help/aliases.rds’
  ‘renv/sandbox/R-4.2/aarch64-apple-darwin20/84ba8b13/stats/help/paths.rds’
  ‘renv/sandbox/R-4.2/aarch64-apple-darwin20/84ba8b13/stats/help/stats.rdx’
  ‘renv/sandbox/R-4.2/aarch64-apple-darwin20/84ba8b13/stats/Meta/demo.rds’
  ‘renv/sandbox/R-4.2/aarch64-apple-darwin20/84ba8b13/stats/Meta/features.rds’
  ‘renv/sandbox/R-4.2/aarch64-apple-darwin20/84ba8b13/stats/Meta/hsearch.rds’
  ‘renv/sandbox/R-4.2/aarch64-apple-darwin20/84ba8b13/stats/Meta/links.rds’
  ‘renv/sandbox/R-4.2/aarch64-apple-darwin20/84ba8b13/stats/Meta/nsInfo.rds’
  ‘renv/sandbox/R-4.2/aarch64-apple-darwin20/84ba8b13/stats/Meta/package.rds’
  ‘renv/sandbox/R-4.2/aarch64-apple-darwin20/84ba8b13/stats/Meta/Rd.rds’
  ‘renv/sandbox/R-4.2/aarch64-apple-darwin20/84ba8b13/stats/Meta/vignette.rds’
  ‘renv/sandbox/R-4.2/aarch64-apple-darwin20/84ba8b13/stats/R/stats.rdx’
  ‘renv/sandbox/R-4.2/aarch64-apple-darwin20/84ba8b13/stats/tests/hills.rds’
  ‘renv/sandbox/R-4.2/aarch64-apple-darwin20/84ba8b13/stats4/help/aliases.rds’
  ‘renv/sandbox/R-4.2/aarch64-apple-darwin20/84ba8b13/stats4/help/paths.rds’
  ‘renv/sandbox/R-4.2/aarch64-apple-darwin20/84ba8b13/stats4/help/stats4.rdx’
  ‘renv/sandbox/R-4.2/aarch64-apple-darwin20/84ba8b13/stats4/Meta/features.rds’
  ‘renv/sandbox/R-4.2/aarch64-apple-darwin20/84ba8b13/stats4/Meta/hsearch.rds’
  ‘renv/sandbox/R-4.2/aarch64-apple-darwin20/84ba8b13/stats4/Meta/links.rds’
  ‘renv/sandbox/R-4.2/aarch64-apple-darwin20/84ba8b13/stats4/Meta/nsInfo.rds’
  ‘renv/sandbox/R-4.2/aarch64-apple-darwin20/84ba8b13/stats4/Meta/package.rds’
  ‘renv/sandbox/R-4.2/aarch64-apple-darwin20/84ba8b13/stats4/Meta/Rd.rds’
  ‘renv/sandbox/R-4.2/aarch64-apple-darwin20/84ba8b13/stats4/R/stats4.rdx’
  ‘renv/sandbox/R-4.2/aarch64-apple-darwin20/84ba8b13/survival/data/Rdata.rds’
  ‘renv/sandbox/R-4.2/aarch64-apple-darwin20/84ba8b13/survival/data/Rdata.rdx’
  ‘renv/sandbox/R-4.2/aarch64-apple-darwin20/84ba8b13/survival/help/aliases.rds’
  ‘renv/sandbox/R-4.2/aarch64-apple-darwin20/84ba8b13/survival/help/paths.rds’
  ‘renv/sandbox/R-4.2/aarch64-apple-darwin20/84ba8b13/survival/help/survival.rdx’
  ‘renv/sandbox/R-4.2/aarch64-apple-darwin20/84ba8b13/survival/Meta/data.rds’
  ‘renv/sandbox/R-4.2/aarch64-apple-darwin20/84ba8b13/survival/Meta/features.rds’
  ‘renv/sandbox/R-4.2/aarch64-apple-darwin20/84ba8b13/survival/Meta/hsearch.rds’
  ‘renv/sandbox/R-4.2/aarch64-apple-darwin20/84ba8b13/survival/Meta/links.rds’
  ‘renv/sandbox/R-4.2/aarch64-apple-darwin20/84ba8b13/survival/Meta/nsInfo.rds’
  ‘renv/sandbox/R-4.2/aarch64-apple-darwin20/84ba8b13/survival/Meta/package.rds’
  ‘renv/sandbox/R-4.2/aarch64-apple-darwin20/84ba8b13/survival/Meta/Rd.rds’
  ‘renv/sandbox/R-4.2/aarch64-apple-darwin20/84ba8b13/survival/R/survival.rdx’
  ‘renv/sandbox/R-4.2/aarch64-apple-darwin20/84ba8b13/tcltk/help/aliases.rds’
  ‘renv/sandbox/R-4.2/aarch64-apple-darwin20/84ba8b13/tcltk/help/paths.rds’
  ‘renv/sandbox/R-4.2/aarch64-apple-darwin20/84ba8b13/tcltk/help/tcltk.rdx’
  ‘renv/sandbox/R-4.2/aarch64-apple-darwin20/84ba8b13/tcltk/Meta/demo.rds’
  ‘renv/sandbox/R-4.2/aarch64-apple-darwin20/84ba8b13/tcltk/Meta/features.rds’
  ‘renv/sandbox/R-4.2/aarch64-apple-darwin20/84ba8b13/tcltk/Meta/hsearch.rds’
  ‘renv/sandbox/R-4.2/aarch64-apple-darwin20/84ba8b13/tcltk/Meta/links.rds’
  ‘renv/sandbox/R-4.2/aarch64-apple-darwin20/84ba8b13/tcltk/Meta/nsInfo.rds’
  ‘renv/sandbox/R-4.2/aarch64-apple-darwin20/84ba8b13/tcltk/Meta/package.rds’
  ‘renv/sandbox/R-4.2/aarch64-apple-darwin20/84ba8b13/tcltk/Meta/Rd.rds’
  ‘renv/sandbox/R-4.2/aarch64-apple-darwin20/84ba8b13/tcltk/R/tcltk.rdx’
  ‘renv/sandbox/R-4.2/aarch64-apple-darwin20/84ba8b13/tools/help/aliases.rds’
  ‘renv/sandbox/R-4.2/aarch64-apple-darwin20/84ba8b13/tools/help/paths.rds’
  ‘renv/sandbox/R-4.2/aarch64-apple-darwin20/84ba8b13/tools/help/tools.rdx’
  ‘renv/sandbox/R-4.2/aarch64-apple-darwin20/84ba8b13/tools/Meta/features.rds’
  ‘renv/sandbox/R-4.2/aarch64-apple-darwin20/84ba8b13/tools/Meta/hsearch.rds’
  ‘renv/sandbox/R-4.2/aarch64-apple-darwin20/84ba8b13/tools/Meta/links.rds’
  ‘renv/sandbox/R-4.2/aarch64-apple-darwin20/84ba8b13/tools/Meta/nsInfo.rds’
  ‘renv/sandbox/R-4.2/aarch64-apple-darwin20/84ba8b13/tools/Meta/package.rds’
  ‘renv/sandbox/R-4.2/aarch64-apple-darwin20/84ba8b13/tools/Meta/Rd.rds’
  ‘renv/sandbox/R-4.2/aarch64-apple-darwin20/84ba8b13/tools/R/sysdata.rdx’
  ‘renv/sandbox/R-4.2/aarch64-apple-darwin20/84ba8b13/tools/R/tools.rdx’
  ‘renv/sandbox/R-4.2/aarch64-apple-darwin20/84ba8b13/utils/help/aliases.rds’
  ‘renv/sandbox/R-4.2/aarch64-apple-darwin20/84ba8b13/utils/help/paths.rds’
  ‘renv/sandbox/R-4.2/aarch64-apple-darwin20/84ba8b13/utils/help/utils.rdx’
  ‘renv/sandbox/R-4.2/aarch64-apple-darwin20/84ba8b13/utils/Meta/features.rds’
  ‘renv/sandbox/R-4.2/aarch64-apple-darwin20/84ba8b13/utils/Meta/hsearch.rds’
  ‘renv/sandbox/R-4.2/aarch64-apple-darwin20/84ba8b13/utils/Meta/links.rds’
  ‘renv/sandbox/R-4.2/aarch64-apple-darwin20/84ba8b13/utils/Meta/nsInfo.rds’
  ‘renv/sandbox/R-4.2/aarch64-apple-darwin20/84ba8b13/utils/Meta/package.rds’
  ‘renv/sandbox/R-4.2/aarch64-apple-darwin20/84ba8b13/utils/Meta/Rd.rds’
  ‘renv/sandbox/R-4.2/aarch64-apple-darwin20/84ba8b13/utils/Meta/vignette.rds’
  ‘renv/sandbox/R-4.2/aarch64-apple-darwin20/84ba8b13/utils/R/sysdata.rdx’
  ‘renv/sandbox/R-4.2/aarch64-apple-darwin20/84ba8b13/utils/R/utils.rdx’
Such files are only readable in R >= 3.5.0.
Recreate them with R < 3.5.0 or save(version = 2) or saveRDS(version =
2) as appropriate
* checking whether package ‘semseeker’ can be installed ... OK
* checking installed package size ... NOTE
  installed size is 121.8Mb
  sub-directories of 1Mb or more:
    data  70.5Mb
    R     51.2Mb
* checking package directory ... OK
* checking for future file timestamps ... OK
* checking DESCRIPTION meta-information ... NOTE
Checking should be performed on sources prepared by ‘R CMD build’.
* checking top-level files ... NOTE
Non-standard files/directories found at top level:
  ‘cache’ ‘codecov.yml’ ‘LICENSE.md’ ‘README.Rmd’ ‘renv’ ‘renv.lock’
  ‘semseeker.Rproj’
* checking for left-over files ... OK
* checking index information ... OK
* checking package subdirectories ... WARNING
Found the following directory with the name of a check directory:
  ./..Rcheck
Most likely, these were included erroneously.
Found the following directory with the name of a version control directory:
  ./.git
These should not be in a package tarball.
Found the following CITATION files in a non-standard place:
  renv/sandbox/R-4.2/aarch64-apple-darwin20/84ba8b13/base/CITATION
  renv/sandbox/R-4.2/aarch64-apple-darwin20/84ba8b13/boot/CITATION
  renv/sandbox/R-4.2/aarch64-apple-darwin20/84ba8b13/class/CITATION
  renv/sandbox/R-4.2/aarch64-apple-darwin20/84ba8b13/cluster/CITATION
  renv/sandbox/R-4.2/aarch64-apple-darwin20/84ba8b13/lattice/CITATION
  renv/sandbox/R-4.2/aarch64-apple-darwin20/84ba8b13/MASS/CITATION
  renv/sandbox/R-4.2/aarch64-apple-darwin20/84ba8b13/mgcv/CITATION
  renv/sandbox/R-4.2/aarch64-apple-darwin20/84ba8b13/nlme/CITATION
  renv/sandbox/R-4.2/aarch64-apple-darwin20/84ba8b13/nnet/CITATION
  renv/sandbox/R-4.2/aarch64-apple-darwin20/84ba8b13/spatial/CITATION
  renv/sandbox/R-4.2/aarch64-apple-darwin20/84ba8b13/survival/CITATION
Most likely ‘inst/CITATION’ should be used instead.
* checking R files for non-ASCII characters ... OK
* checking R files for syntax errors ... OK
* checking whether the package can be loaded ... OK
* checking whether the package can be loaded with stated dependencies ... OK
* checking whether the package can be unloaded cleanly ... OK
* checking whether the namespace can be loaded with stated dependencies ... OK
* checking whether the namespace can be unloaded cleanly ... OK
* checking loading without being on the library search path ... OK
* checking use of S3 registration ... OK
* checking dependencies in R code ... OK
* checking S3 generic/method consistency ... OK
* checking replacement functions ... OK
* checking foreign function calls ... OK
* checking R code for possible problems ... OK
* checking Rd files ... OK
* checking Rd metadata ... OK
* checking Rd line widths ... OK
* checking Rd cross-references ... OK
* checking for missing documentation entries ... WARNING
Undocumented data sets:
  ‘PROBES_CHR_CHR’ ‘PROBES_DMR_DMR’ ‘PROBES_Gene_1stExon’
  ‘PROBES_Gene_3UTR’ ‘PROBES_Gene_5UTR’ ‘PROBES_Gene_Body’
  ‘PROBES_Gene_ExonBnd’ ‘PROBES_Gene_TSS1500’ ‘PROBES_Gene_TSS200’
  ‘PROBES_Gene_Whole’ ‘PROBES_Island_Island’ ‘PROBES_Island_N_Shelf’
  ‘PROBES_Island_N_Shore’ ‘PROBES_Island_S_Shelf’
  ‘PROBES_Island_S_Shore’ ‘PROBES_Island_Whole’ ‘PROBES’
All user-level objects in a package should have documentation entries.
See chapter ‘Writing R documentation files’ in the ‘Writing R
Extensions’ manual.
* checking for code/documentation mismatches ... OK
* checking Rd \usage sections ... WARNING
Undocumented arguments in documentation object 'compute_qr_beta_boot_p'
  ‘sig.formula’ ‘tau’

Undocumented arguments in documentation object 'compute_quantreg_beta_boot_np'
  ‘sig.formula’ ‘df’ ‘tau’

Undocumented arguments in documentation object 'data_preparation'
  ‘family_test’ ‘transformation’ ‘tempDataFrame’ ‘independent_variable’
  ‘g_start’ ‘dototal’ ‘covariates’ ‘depth_analysis’

Undocumented arguments in documentation object 'glm_model'
  ‘family_test’ ‘tempDataFrame’

Undocumented arguments in documentation object 'quantreg_model'
  ‘family_test’ ‘sig.formula’ ‘tempDataFrame’ ‘independent_variable’
  ‘boot_success’

Documented arguments not in \usage in documentation object 'quantreg_summary':
  ‘working_data’ ‘sig.formula’ ‘tau’ ‘independent_variable’
  ‘lqm_control’

Undocumented arguments in documentation object 'test_model'
  ‘family_test’ ‘tempDataFrame’ ‘sig.formula’ ‘burdenValue’

Functions with \usage entries need to have the appropriate \alias
entries, and all their arguments documented.
The \usage entries must correspond to syntactically valid R code.
See chapter ‘Writing R documentation files’ in the ‘Writing R
Extensions’ manual.
* checking Rd contents ... WARNING
Argument items with no description in Rd object 'compute_qr_beta_boot_p':
  ‘localDataFrame’

Argument items with no description in Rd object 'compute_quantreg_beta_boot_np':
  ‘lqm_control’

Argument items with no description in Rd object 'data_preparation':
  ‘envir’

Argument items with no description in Rd object 'glm_model':
  ‘sig.formula’

Argument items with no description in Rd object 'quantreg_model':
  ‘tests_count’

Argument items with no description in Rd object 'test_model':
  ‘independent_variable’

* checking for unstated dependencies in examples ... OK
* checking contents of ‘data’ directory ... OK
* checking data for non-ASCII characters ... OK
* checking data for ASCII and uncompressed saves ... OK
* checking R/sysdata.rda ... OK
* checking examples ... NONE
* checking for unstated dependencies in ‘tests’ ... OK
* checking tests ... ERROR
  Running ‘tastthat.R’ [146s/150s]
Running the tests in ‘tests/tastthat.R’ failed.
Last 13 lines of output:
      sig.formula, tau, independent_variable, lqm_control = lqm_control)`: unused arguments (independent_variable, lqm_control = lqm_control)
  ── Error ('test-semseeker.R:80:3'): semeeker ───────────────────────────────────
  Error in `kruskal.test.default(x = mf[[1L]], g = mf[[2L]])`: all observations are in the same group
  Backtrace:
      ▆
   1. └─semseeker::semseeker(...) at test-semseeker.R:80:2
   2.   └─semseeker:::batch_correlation_check(envir)
   3.     ├─stats::kruskal.test(k.formula, data = pca_contrib)
   4.     └─stats:::kruskal.test.formula(k.formula, data = pca_contrib)
   5.       ├─stats::kruskal.test(x = mf[[1L]], g = mf[[2L]])
   6.       └─stats:::kruskal.test.default(x = mf[[1L]], g = mf[[2L]])
  
  [ FAIL 5 | WARN 153 | SKIP 0 | PASS 33 ]
  Error: Test failures
  Execution halted
* checking PDF version of manual ... OK
* checking for non-standard things in the check directory ... OK
* checking for detritus in the temp directory ... OK
* DONE
Status: 1 ERROR, 6 WARNINGs, 7 NOTEs
