Hmm ... looks like a package
Converting parsed Rd's to LaTeX ..
Creating pdf output from LaTeX ...

This is pdfTeX, Version 3.141592653-2.6-1.40.25 (TeX Live 2023) (preloaded format=pdflatex)
 restricted \write18 enabled.
entering extended mode
LaTeX2e <2022-11-01> patch level 1
L3 programming layer <2023-02-22> (./Rd2.tex
(/usr/local/texlive/2023/texmf-dist/tex/latex/base/book.cls
Document Class: book 2022/07/02 v1.4n Standard LaTeX document class
(/usr/local/texlive/2023/texmf-dist/tex/latex/base/bk10.clo))
(/Library/Frameworks/R.framework/Resources/share/texmf/tex/latex/Rd.sty
(/usr/local/texlive/2023/texmf-dist/tex/latex/base/ifthen.sty)
(/usr/local/texlive/2023/texmf-dist/tex/latex/tools/longtable.sty)
(/usr/local/texlive/2023/texmf-dist/tex/latex/tools/bm.sty)
(/usr/local/texlive/2023/texmf-dist/tex/latex/base/alltt.sty)
(/usr/local/texlive/2023/texmf-dist/tex/latex/tools/verbatim.sty)
(/usr/local/texlive/2023/texmf-dist/tex/latex/url/url.sty)
(/usr/local/texlive/2023/texmf-dist/tex/latex/base/textcomp.sty)
(/usr/local/texlive/2023/texmf-dist/tex/generic/iftex/iftex.sty)
(/usr/local/texlive/2023/texmf-dist/tex/latex/base/fontenc.sty)
(/usr/local/texlive/2023/texmf-dist/tex/latex/psnfss/times.sty)
(/usr/local/texlive/2023/texmf-dist/tex/latex/inconsolata/zi4.sty
`inconsolata-zi4' v1.12, 2019/05/17 Text macros for Inconsolata (msharpe)
(/usr/local/texlive/2023/texmf-dist/tex/latex/xkeyval/xkeyval.sty
(/usr/local/texlive/2023/texmf-dist/tex/generic/xkeyval/xkeyval.tex
(/usr/local/texlive/2023/texmf-dist/tex/generic/xkeyval/xkvutils.tex
(/usr/local/texlive/2023/texmf-dist/tex/generic/xkeyval/keyval.tex)))))
(/usr/local/texlive/2023/texmf-dist/tex/latex/graphics/color.sty
(/usr/local/texlive/2023/texmf-dist/tex/latex/graphics-cfg/color.cfg)
(/usr/local/texlive/2023/texmf-dist/tex/latex/graphics-def/pdftex.def)
(/usr/local/texlive/2023/texmf-dist/tex/latex/graphics/mathcolor.ltx))
(/usr/local/texlive/2023/texmf-dist/tex/latex/hyperref/hyperref.sty
(/usr/local/texlive/2023/texmf-dist/tex/generic/ltxcmds/ltxcmds.sty)
(/usr/local/texlive/2023/texmf-dist/tex/generic/pdftexcmds/pdftexcmds.sty
(/usr/local/texlive/2023/texmf-dist/tex/generic/infwarerr/infwarerr.sty))
(/usr/local/texlive/2023/texmf-dist/tex/latex/kvsetkeys/kvsetkeys.sty)
(/usr/local/texlive/2023/texmf-dist/tex/generic/kvdefinekeys/kvdefinekeys.sty)
(/usr/local/texlive/2023/texmf-dist/tex/generic/pdfescape/pdfescape.sty)
(/usr/local/texlive/2023/texmf-dist/tex/latex/hycolor/hycolor.sty)
(/usr/local/texlive/2023/texmf-dist/tex/latex/letltxmacro/letltxmacro.sty)
(/usr/local/texlive/2023/texmf-dist/tex/latex/auxhook/auxhook.sty)
(/usr/local/texlive/2023/texmf-dist/tex/latex/hyperref/nameref.sty
(/usr/local/texlive/2023/texmf-dist/tex/latex/refcount/refcount.sty)
(/usr/local/texlive/2023/texmf-dist/tex/generic/gettitlestring/gettitlestring.s
ty (/usr/local/texlive/2023/texmf-dist/tex/latex/kvoptions/kvoptions.sty)))
(/usr/local/texlive/2023/texmf-dist/tex/latex/hyperref/pd1enc.def)
(/usr/local/texlive/2023/texmf-dist/tex/generic/intcalc/intcalc.sty)
(/usr/local/texlive/2023/texmf-dist/tex/generic/etexcmds/etexcmds.sty)
(/usr/local/texlive/2023/texmf-dist/tex/latex/hyperref/puenc.def)
(/usr/local/texlive/2023/texmf-dist/tex/generic/bitset/bitset.sty
(/usr/local/texlive/2023/texmf-dist/tex/generic/bigintcalc/bigintcalc.sty))
(/usr/local/texlive/2023/texmf-dist/tex/latex/base/atbegshi-ltx.sty))
(/usr/local/texlive/2023/texmf-dist/tex/latex/hyperref/hpdftex.def
(/usr/local/texlive/2023/texmf-dist/tex/latex/base/atveryend-ltx.sty)
(/usr/local/texlive/2023/texmf-dist/tex/latex/rerunfilecheck/rerunfilecheck.sty

(/usr/local/texlive/2023/texmf-dist/tex/generic/uniquecounter/uniquecounter.sty
)))

Package hyperref Warning: Option `hyperindex' has already been used,
(hyperref)                setting the option has no effect on input line 388.


Package hyperref Warning: Option `pagebackref' has already been used,
(hyperref)                setting the option has no effect on input line 388.

) (/usr/local/texlive/2023/texmf-dist/tex/latex/base/makeidx.sty)
(/usr/local/texlive/2023/texmf-dist/tex/latex/base/inputenc.sty)
Writing index file Rd2.idx
(/usr/local/texlive/2023/texmf-dist/tex/latex/psnfss/t1ptm.fd)
(/usr/local/texlive/2023/texmf-dist/tex/latex/l3backend/l3backend-pdftex.def)
No file Rd2.aux.
(/usr/local/texlive/2023/texmf-dist/tex/context/base/mkii/supp-pdf.mkii
[Loading MPS to PDF converter (version 2006.09.02).]
) (/usr/local/texlive/2023/texmf-dist/tex/latex/inconsolata/t1zi4.fd)
(/usr/local/texlive/2023/texmf-dist/tex/latex/psnfss/t1phv.fd)
No file Rd2.toc.
[1{/usr/local/texlive/2023/texmf-var/fonts/map/pdftex/updmap/pdftex.map}{/usr/l
ocal/texlive/2023/texmf-dist/fonts/enc/dvips/base/8r.enc}{/usr/local/texlive/20
23/texmf-dist/fonts/enc/dvips/inconsolata/i4-t1-0.enc}] [2] [3] [4]
Overfull \hbox (1.10738pt too wide) in paragraph at lines 259--272
[]\T1/ptm/m/n/10 independent vari-able: deve es-sere nalla sam-ple sheet pas-sa
ta a sem-seeker quando
[5] [6] [7] [8] [9] [10] [11] [12] [13] [14] [15]
No file Rd2.ind.
[16]
(/private/var/folders/yg/5sqxzy6j673c4kjvn4trghx40000gn/T/RtmpdBN7iV/Rd2pdf1d6e
4d0e012e/Rd2.aux)

Package rerunfilecheck Warning: File `Rd2.out' has changed.
(rerunfilecheck)                Rerun to get outlines right
(rerunfilecheck)                or use package `bookmark'.

 )
(see the transcript file for additional information)</usr/local/texlive/2023/te
xmf-dist/fonts/type1/public/inconsolata/Inconsolata-zi4r.pfb></usr/local/texliv
e/2023/texmf-dist/fonts/type1/urw/helvetic/uhvr8a.pfb></usr/local/texlive/2023/
texmf-dist/fonts/type1/urw/times/utmb8a.pfb></usr/local/texlive/2023/texmf-dist
/fonts/type1/urw/times/utmr8a.pfb></usr/local/texlive/2023/texmf-dist/fonts/typ
e1/urw/times/utmr8a.pfb></usr/local/texlive/2023/texmf-dist/fonts/type1/urw/tim
es/utmri8a.pfb>
Output written on Rd2.pdf (16 pages, 100217 bytes).
Transcript written on Rd2.log.
This is makeindex, version 2.17 [TeX Live 2023] (kpathsea + Thai support).
Scanning input file Rd2.idx....done (24 entries accepted, 0 rejected).
Sorting entries....done (95 comparisons).
Generating output file Rd2.ind....done (58 lines written, 0 warnings).
Output written in Rd2.ind.
Transcript written in Rd2.ilg.
This is pdfTeX, Version 3.141592653-2.6-1.40.25 (TeX Live 2023) (preloaded format=pdflatex)
 restricted \write18 enabled.
entering extended mode
LaTeX2e <2022-11-01> patch level 1
L3 programming layer <2023-02-22> (./Rd2.tex
(/usr/local/texlive/2023/texmf-dist/tex/latex/base/book.cls
Document Class: book 2022/07/02 v1.4n Standard LaTeX document class
(/usr/local/texlive/2023/texmf-dist/tex/latex/base/bk10.clo))
(/Library/Frameworks/R.framework/Resources/share/texmf/tex/latex/Rd.sty
(/usr/local/texlive/2023/texmf-dist/tex/latex/base/ifthen.sty)
(/usr/local/texlive/2023/texmf-dist/tex/latex/tools/longtable.sty)
(/usr/local/texlive/2023/texmf-dist/tex/latex/tools/bm.sty)
(/usr/local/texlive/2023/texmf-dist/tex/latex/base/alltt.sty)
(/usr/local/texlive/2023/texmf-dist/tex/latex/tools/verbatim.sty)
(/usr/local/texlive/2023/texmf-dist/tex/latex/url/url.sty)
(/usr/local/texlive/2023/texmf-dist/tex/latex/base/textcomp.sty)
(/usr/local/texlive/2023/texmf-dist/tex/generic/iftex/iftex.sty)
(/usr/local/texlive/2023/texmf-dist/tex/latex/base/fontenc.sty)
(/usr/local/texlive/2023/texmf-dist/tex/latex/psnfss/times.sty)
(/usr/local/texlive/2023/texmf-dist/tex/latex/inconsolata/zi4.sty
`inconsolata-zi4' v1.12, 2019/05/17 Text macros for Inconsolata (msharpe)
(/usr/local/texlive/2023/texmf-dist/tex/latex/xkeyval/xkeyval.sty
(/usr/local/texlive/2023/texmf-dist/tex/generic/xkeyval/xkeyval.tex
(/usr/local/texlive/2023/texmf-dist/tex/generic/xkeyval/xkvutils.tex
(/usr/local/texlive/2023/texmf-dist/tex/generic/xkeyval/keyval.tex)))))
(/usr/local/texlive/2023/texmf-dist/tex/latex/graphics/color.sty
(/usr/local/texlive/2023/texmf-dist/tex/latex/graphics-cfg/color.cfg)
(/usr/local/texlive/2023/texmf-dist/tex/latex/graphics-def/pdftex.def)
(/usr/local/texlive/2023/texmf-dist/tex/latex/graphics/mathcolor.ltx))
(/usr/local/texlive/2023/texmf-dist/tex/latex/hyperref/hyperref.sty
(/usr/local/texlive/2023/texmf-dist/tex/generic/ltxcmds/ltxcmds.sty)
(/usr/local/texlive/2023/texmf-dist/tex/generic/pdftexcmds/pdftexcmds.sty
(/usr/local/texlive/2023/texmf-dist/tex/generic/infwarerr/infwarerr.sty))
(/usr/local/texlive/2023/texmf-dist/tex/latex/kvsetkeys/kvsetkeys.sty)
(/usr/local/texlive/2023/texmf-dist/tex/generic/kvdefinekeys/kvdefinekeys.sty)
(/usr/local/texlive/2023/texmf-dist/tex/generic/pdfescape/pdfescape.sty)
(/usr/local/texlive/2023/texmf-dist/tex/latex/hycolor/hycolor.sty)
(/usr/local/texlive/2023/texmf-dist/tex/latex/letltxmacro/letltxmacro.sty)
(/usr/local/texlive/2023/texmf-dist/tex/latex/auxhook/auxhook.sty)
(/usr/local/texlive/2023/texmf-dist/tex/latex/hyperref/nameref.sty
(/usr/local/texlive/2023/texmf-dist/tex/latex/refcount/refcount.sty)
(/usr/local/texlive/2023/texmf-dist/tex/generic/gettitlestring/gettitlestring.s
ty (/usr/local/texlive/2023/texmf-dist/tex/latex/kvoptions/kvoptions.sty)))
(/usr/local/texlive/2023/texmf-dist/tex/latex/hyperref/pd1enc.def)
(/usr/local/texlive/2023/texmf-dist/tex/generic/intcalc/intcalc.sty)
(/usr/local/texlive/2023/texmf-dist/tex/generic/etexcmds/etexcmds.sty)
(/usr/local/texlive/2023/texmf-dist/tex/latex/hyperref/puenc.def)
(/usr/local/texlive/2023/texmf-dist/tex/generic/bitset/bitset.sty
(/usr/local/texlive/2023/texmf-dist/tex/generic/bigintcalc/bigintcalc.sty))
(/usr/local/texlive/2023/texmf-dist/tex/latex/base/atbegshi-ltx.sty))
(/usr/local/texlive/2023/texmf-dist/tex/latex/hyperref/hpdftex.def
(/usr/local/texlive/2023/texmf-dist/tex/latex/base/atveryend-ltx.sty)
(/usr/local/texlive/2023/texmf-dist/tex/latex/rerunfilecheck/rerunfilecheck.sty

(/usr/local/texlive/2023/texmf-dist/tex/generic/uniquecounter/uniquecounter.sty
)))

Package hyperref Warning: Option `hyperindex' has already been used,
(hyperref)                setting the option has no effect on input line 388.


Package hyperref Warning: Option `pagebackref' has already been used,
(hyperref)                setting the option has no effect on input line 388.

) (/usr/local/texlive/2023/texmf-dist/tex/latex/base/makeidx.sty)
(/usr/local/texlive/2023/texmf-dist/tex/latex/base/inputenc.sty)
Writing index file Rd2.idx
(/usr/local/texlive/2023/texmf-dist/tex/latex/psnfss/t1ptm.fd)
(/usr/local/texlive/2023/texmf-dist/tex/latex/l3backend/l3backend-pdftex.def)
(/private/var/folders/yg/5sqxzy6j673c4kjvn4trghx40000gn/T/RtmpdBN7iV/Rd2pdf1d6e
4d0e012e/Rd2.aux)
(/usr/local/texlive/2023/texmf-dist/tex/context/base/mkii/supp-pdf.mkii
[Loading MPS to PDF converter (version 2006.09.02).]
)
(/private/var/folders/yg/5sqxzy6j673c4kjvn4trghx40000gn/T/RtmpdBN7iV/Rd2pdf1d6e
4d0e012e/Rd2.out)
(/private/var/folders/yg/5sqxzy6j673c4kjvn4trghx40000gn/T/RtmpdBN7iV/Rd2pdf1d6e
4d0e012e/Rd2.out)
(/usr/local/texlive/2023/texmf-dist/tex/latex/inconsolata/t1zi4.fd)
(/usr/local/texlive/2023/texmf-dist/tex/latex/psnfss/t1phv.fd)
(/private/var/folders/yg/5sqxzy6j673c4kjvn4trghx40000gn/T/RtmpdBN7iV/Rd2pdf1d6e
4d0e012e/Rd2.toc [1{/usr/local/texlive/2023/texmf-var/fonts/map/pdftex/updmap/p
dftex.map}{/usr/local/texlive/2023/texmf-dist/fonts/enc/dvips/base/8r.enc}{/usr
/local/texlive/2023/texmf-dist/fonts/enc/dvips/inconsolata/i4-t1-0.enc}])
[2] [3] [4]
Overfull \hbox (1.10738pt too wide) in paragraph at lines 259--272
[]\T1/ptm/m/n/10 independent vari-able: deve es-sere nalla sam-ple sheet pas-sa
ta a sem-seeker quando
[5] [6] [7] [8] [9] [10] [11] [12] [13] [14] [15]
(/private/var/folders/yg/5sqxzy6j673c4kjvn4trghx40000gn/T/RtmpdBN7iV/Rd2pdf1d6e
4d0e012e/Rd2.ind [16] [17])
(/private/var/folders/yg/5sqxzy6j673c4kjvn4trghx40000gn/T/RtmpdBN7iV/Rd2pdf1d6e
4d0e012e/Rd2.aux)

Package rerunfilecheck Warning: File `Rd2.out' has changed.
(rerunfilecheck)                Rerun to get outlines right
(rerunfilecheck)                or use package `bookmark'.

 )
(see the transcript file for additional information)</usr/local/texlive/2023/te
xmf-dist/fonts/type1/public/inconsolata/Inconsolata-zi4r.pfb></usr/local/texliv
e/2023/texmf-dist/fonts/type1/urw/helvetic/uhvr8a.pfb></usr/local/texlive/2023/
texmf-dist/fonts/type1/urw/times/utmb8a.pfb></usr/local/texlive/2023/texmf-dist
/fonts/type1/urw/times/utmr8a.pfb></usr/local/texlive/2023/texmf-dist/fonts/typ
e1/urw/times/utmr8a.pfb></usr/local/texlive/2023/texmf-dist/fonts/type1/urw/tim
es/utmri8a.pfb>
Output written on Rd2.pdf (17 pages, 104918 bytes).
Transcript written on Rd2.log.
This is makeindex, version 2.17 [TeX Live 2023] (kpathsea + Thai support).
Scanning input file Rd2.idx....done (24 entries accepted, 0 rejected).
Sorting entries....done (95 comparisons).
Generating output file Rd2.ind....done (58 lines written, 0 warnings).
Output written in Rd2.ind.
Transcript written in Rd2.ilg.
This is pdfTeX, Version 3.141592653-2.6-1.40.25 (TeX Live 2023) (preloaded format=pdflatex)
 restricted \write18 enabled.
entering extended mode
LaTeX2e <2022-11-01> patch level 1
L3 programming layer <2023-02-22> (./Rd2.tex
(/usr/local/texlive/2023/texmf-dist/tex/latex/base/book.cls
Document Class: book 2022/07/02 v1.4n Standard LaTeX document class
(/usr/local/texlive/2023/texmf-dist/tex/latex/base/bk10.clo))
(/Library/Frameworks/R.framework/Resources/share/texmf/tex/latex/Rd.sty
(/usr/local/texlive/2023/texmf-dist/tex/latex/base/ifthen.sty)
(/usr/local/texlive/2023/texmf-dist/tex/latex/tools/longtable.sty)
(/usr/local/texlive/2023/texmf-dist/tex/latex/tools/bm.sty)
(/usr/local/texlive/2023/texmf-dist/tex/latex/base/alltt.sty)
(/usr/local/texlive/2023/texmf-dist/tex/latex/tools/verbatim.sty)
(/usr/local/texlive/2023/texmf-dist/tex/latex/url/url.sty)
(/usr/local/texlive/2023/texmf-dist/tex/latex/base/textcomp.sty)
(/usr/local/texlive/2023/texmf-dist/tex/generic/iftex/iftex.sty)
(/usr/local/texlive/2023/texmf-dist/tex/latex/base/fontenc.sty)
(/usr/local/texlive/2023/texmf-dist/tex/latex/psnfss/times.sty)
(/usr/local/texlive/2023/texmf-dist/tex/latex/inconsolata/zi4.sty
`inconsolata-zi4' v1.12, 2019/05/17 Text macros for Inconsolata (msharpe)
(/usr/local/texlive/2023/texmf-dist/tex/latex/xkeyval/xkeyval.sty
(/usr/local/texlive/2023/texmf-dist/tex/generic/xkeyval/xkeyval.tex
(/usr/local/texlive/2023/texmf-dist/tex/generic/xkeyval/xkvutils.tex
(/usr/local/texlive/2023/texmf-dist/tex/generic/xkeyval/keyval.tex)))))
(/usr/local/texlive/2023/texmf-dist/tex/latex/graphics/color.sty
(/usr/local/texlive/2023/texmf-dist/tex/latex/graphics-cfg/color.cfg)
(/usr/local/texlive/2023/texmf-dist/tex/latex/graphics-def/pdftex.def)
(/usr/local/texlive/2023/texmf-dist/tex/latex/graphics/mathcolor.ltx))
(/usr/local/texlive/2023/texmf-dist/tex/latex/hyperref/hyperref.sty
(/usr/local/texlive/2023/texmf-dist/tex/generic/ltxcmds/ltxcmds.sty)
(/usr/local/texlive/2023/texmf-dist/tex/generic/pdftexcmds/pdftexcmds.sty
(/usr/local/texlive/2023/texmf-dist/tex/generic/infwarerr/infwarerr.sty))
(/usr/local/texlive/2023/texmf-dist/tex/latex/kvsetkeys/kvsetkeys.sty)
(/usr/local/texlive/2023/texmf-dist/tex/generic/kvdefinekeys/kvdefinekeys.sty)
(/usr/local/texlive/2023/texmf-dist/tex/generic/pdfescape/pdfescape.sty)
(/usr/local/texlive/2023/texmf-dist/tex/latex/hycolor/hycolor.sty)
(/usr/local/texlive/2023/texmf-dist/tex/latex/letltxmacro/letltxmacro.sty)
(/usr/local/texlive/2023/texmf-dist/tex/latex/auxhook/auxhook.sty)
(/usr/local/texlive/2023/texmf-dist/tex/latex/hyperref/nameref.sty
(/usr/local/texlive/2023/texmf-dist/tex/latex/refcount/refcount.sty)
(/usr/local/texlive/2023/texmf-dist/tex/generic/gettitlestring/gettitlestring.s
ty (/usr/local/texlive/2023/texmf-dist/tex/latex/kvoptions/kvoptions.sty)))
(/usr/local/texlive/2023/texmf-dist/tex/latex/hyperref/pd1enc.def)
(/usr/local/texlive/2023/texmf-dist/tex/generic/intcalc/intcalc.sty)
(/usr/local/texlive/2023/texmf-dist/tex/generic/etexcmds/etexcmds.sty)
(/usr/local/texlive/2023/texmf-dist/tex/latex/hyperref/puenc.def)
(/usr/local/texlive/2023/texmf-dist/tex/generic/bitset/bitset.sty
(/usr/local/texlive/2023/texmf-dist/tex/generic/bigintcalc/bigintcalc.sty))
(/usr/local/texlive/2023/texmf-dist/tex/latex/base/atbegshi-ltx.sty))
(/usr/local/texlive/2023/texmf-dist/tex/latex/hyperref/hpdftex.def
(/usr/local/texlive/2023/texmf-dist/tex/latex/base/atveryend-ltx.sty)
(/usr/local/texlive/2023/texmf-dist/tex/latex/rerunfilecheck/rerunfilecheck.sty

(/usr/local/texlive/2023/texmf-dist/tex/generic/uniquecounter/uniquecounter.sty
)))

Package hyperref Warning: Option `hyperindex' has already been used,
(hyperref)                setting the option has no effect on input line 388.


Package hyperref Warning: Option `pagebackref' has already been used,
(hyperref)                setting the option has no effect on input line 388.

) (/usr/local/texlive/2023/texmf-dist/tex/latex/base/makeidx.sty)
(/usr/local/texlive/2023/texmf-dist/tex/latex/base/inputenc.sty)
Writing index file Rd2.idx
(/usr/local/texlive/2023/texmf-dist/tex/latex/psnfss/t1ptm.fd)
(/usr/local/texlive/2023/texmf-dist/tex/latex/l3backend/l3backend-pdftex.def)
(/private/var/folders/yg/5sqxzy6j673c4kjvn4trghx40000gn/T/RtmpdBN7iV/Rd2pdf1d6e
4d0e012e/Rd2.aux)
(/usr/local/texlive/2023/texmf-dist/tex/context/base/mkii/supp-pdf.mkii
[Loading MPS to PDF converter (version 2006.09.02).]
)
(/private/var/folders/yg/5sqxzy6j673c4kjvn4trghx40000gn/T/RtmpdBN7iV/Rd2pdf1d6e
4d0e012e/Rd2.out)
(/private/var/folders/yg/5sqxzy6j673c4kjvn4trghx40000gn/T/RtmpdBN7iV/Rd2pdf1d6e
4d0e012e/Rd2.out)
(/usr/local/texlive/2023/texmf-dist/tex/latex/inconsolata/t1zi4.fd)
(/usr/local/texlive/2023/texmf-dist/tex/latex/psnfss/t1phv.fd)
(/private/var/folders/yg/5sqxzy6j673c4kjvn4trghx40000gn/T/RtmpdBN7iV/Rd2pdf1d6e
4d0e012e/Rd2.toc [1{/usr/local/texlive/2023/texmf-var/fonts/map/pdftex/updmap/p
dftex.map}{/usr/local/texlive/2023/texmf-dist/fonts/enc/dvips/base/8r.enc}{/usr
/local/texlive/2023/texmf-dist/fonts/enc/dvips/inconsolata/i4-t1-0.enc}])
[2] [3] [4]
Overfull \hbox (1.10738pt too wide) in paragraph at lines 259--272
[]\T1/ptm/m/n/10 independent vari-able: deve es-sere nalla sam-ple sheet pas-sa
ta a sem-seeker quando
[5] [6] [7] [8] [9] [10] [11] [12] [13] [14] [15]
(/private/var/folders/yg/5sqxzy6j673c4kjvn4trghx40000gn/T/RtmpdBN7iV/Rd2pdf1d6e
4d0e012e/Rd2.ind [16] [17])
(/private/var/folders/yg/5sqxzy6j673c4kjvn4trghx40000gn/T/RtmpdBN7iV/Rd2pdf1d6e
4d0e012e/Rd2.aux) )
(see the transcript file for additional information)</usr/local/texlive/2023/te
xmf-dist/fonts/type1/public/inconsolata/Inconsolata-zi4r.pfb></usr/local/texliv
e/2023/texmf-dist/fonts/type1/urw/helvetic/uhvr8a.pfb></usr/local/texlive/2023/
texmf-dist/fonts/type1/urw/times/utmb8a.pfb></usr/local/texlive/2023/texmf-dist
/fonts/type1/urw/times/utmr8a.pfb></usr/local/texlive/2023/texmf-dist/fonts/typ
e1/urw/times/utmr8a.pfb></usr/local/texlive/2023/texmf-dist/fonts/type1/urw/tim
es/utmri8a.pfb>
Output written on Rd2.pdf (17 pages, 105225 bytes).
Transcript written on Rd2.log.
Saving output to ‘semseeker-manual.pdf’ ...
Done
You may want to clean up by 'rm -Rf /var/folders/yg/5sqxzy6j673c4kjvn4trghx40000gn/T//RtmpdBN7iV/Rd2pdf1d6e4d0e012e'
